# JRE version: Java(TM) SE Runtime Environment (8.0_45-b15) (build 1.8.0_45-b15)
# Java VM: Java HotSpot(TM) 64-Bit Server VM (25.45-b02 mixed mode windows-amd64 compressed oops)
Heap:
 PSYoungGen      total 259072K, used 9830K [0x00000000eab00000, 0x00000000fbb80000, 0x0000000100000000)
  eden space 250880K, 3% used [0x00000000eab00000,0x00000000eb499b48,0x00000000fa000000)
  from space 8192K, 0% used [0x00000000faa00000,0x00000000faa00000,0x00000000fb200000)
  to   space 10240K, 0% used [0x00000000fa000000,0x00000000fa000000,0x00000000faa00000)
 ParOldGen       total 37888K, used 26762K [0x00000000c0000000, 0x00000000c2500000, 0x00000000eab00000)
  object space 37888K, 70% used [0x00000000c0000000,0x00000000c1a22b30,0x00000000c2500000)
 Metaspace       used 34205K, capacity 35654K, committed 35800K, reserved 1079296K
  class space    used 4501K, capacity 5037K, committed 5120K, reserved 1048576K
GC Heap History (10 events):
Event: 34.723 GC heap after
Heap after GC invocations=11 (full 1):
 PSYoungGen      total 142848K, used 1024K [0x00000000eab00000, 0x00000000f3f00000, 0x0000000100000000)
  eden space 134656K, 0% used [0x00000000eab00000,0x00000000eab00000,0x00000000f2e80000)
  from space 8192K, 12% used [0x00000000f3680000,0x00000000f3780020,0x00000000f3e80000)
  to   space 8192K, 0% used [0x00000000f2e80000,0x00000000f2e80000,0x00000000f3680000)
 ParOldGen       total 37888K, used 13456K [0x00000000c0000000, 0x00000000c2500000, 0x00000000eab00000)
  object space 37888K, 35% used [0x00000000c0000000,0x00000000c0d24110,0x00000000c2500000)
 Metaspace       used 23615K, capacity 24198K, committed 24320K, reserved 1071104K
  class space    used 3037K, capacity 3247K, committed 3328K, reserved 1048576K
}
Event: 37.988 GC heap before
{Heap before GC invocations=12 (full 1):
 PSYoungGen      total 142848K, used 135680K [0x00000000eab00000, 0x00000000f3f00000, 0x0000000100000000)
  eden space 134656K, 100% used [0x00000000eab00000,0x00000000f2e80000,0x00000000f2e80000)
  from space 8192K, 12% used [0x00000000f3680000,0x00000000f3780020,0x00000000f3e80000)
  to   space 8192K, 0% used [0x00000000f2e80000,0x00000000f2e80000,0x00000000f3680000)
 ParOldGen       total 37888K, used 13456K [0x00000000c0000000, 0x00000000c2500000, 0x00000000eab00000)
  object space 37888K, 35% used [0x00000000c0000000,0x00000000c0d24110,0x00000000c2500000)
 Metaspace       used 24115K, capacity 24878K, committed 25216K, reserved 1071104K
  class space    used 3104K, capacity 3359K, committed 3456K, reserved 1048576K
Event: 38.001 GC heap after
Heap after GC invocations=12 (full 1):
 PSYoungGen      total 142848K, used 3106K [0x00000000eab00000, 0x00000000f7180000, 0x0000000100000000)
  eden space 134656K, 0% used [0x00000000eab00000,0x00000000eab00000,0x00000000f2e80000)
  from space 8192K, 37% used [0x00000000f2e80000,0x00000000f3188bc8,0x00000000f3680000)
  to   space 8192K, 0% used [0x00000000f6980000,0x00000000f6980000,0x00000000f7180000)
 ParOldGen       total 37888K, used 14432K [0x00000000c0000000, 0x00000000c2500000, 0x00000000eab00000)
  object space 37888K, 38% used [0x00000000c0000000,0x00000000c0e18170,0x00000000c2500000)
 Metaspace       used 24115K, capacity 24878K, committed 25216K, reserved 1071104K
  class space    used 3104K, capacity 3359K, committed 3456K, reserved 1048576K
}
Event: 42.480 GC heap before
{Heap before GC invocations=13 (full 1):
 PSYoungGen      total 142848K, used 137762K [0x00000000eab00000, 0x00000000f7180000, 0x0000000100000000)
  eden space 134656K, 100% used [0x00000000eab00000,0x00000000f2e80000,0x00000000f2e80000)
  from space 8192K, 37% used [0x00000000f2e80000,0x00000000f3188bc8,0x00000000f3680000)
  to   space 8192K, 0% used [0x00000000f6980000,0x00000000f6980000,0x00000000f7180000)
 ParOldGen       total 37888K, used 14432K [0x00000000c0000000, 0x00000000c2500000, 0x00000000eab00000)
  object space 37888K, 38% used [0x00000000c0000000,0x00000000c0e18170,0x00000000c2500000)
 Metaspace       used 25410K, capacity 26186K, committed 26496K, reserved 1073152K
  class space    used 3323K, capacity 3632K, committed 3712K, reserved 1048576K
Event: 42.516 GC heap after
Heap after GC invocations=13 (full 1):
 PSYoungGen      total 195072K, used 4656K [0x00000000eab00000, 0x00000000f7180000, 0x0000000100000000)
  eden space 186880K, 0% used [0x00000000eab00000,0x00000000eab00000,0x00000000f6180000)
  from space 8192K, 56% used [0x00000000f6980000,0x00000000f6e0c340,0x00000000f7180000)
  to   space 8192K, 0% used [0x00000000f6180000,0x00000000f6180000,0x00000000f6980000)
 ParOldGen       total 37888K, used 16855K [0x00000000c0000000, 0x00000000c2500000, 0x00000000eab00000)
  object space 37888K, 44% used [0x00000000c0000000,0x00000000c1075e58,0x00000000c2500000)
 Metaspace       used 25410K, capacity 26186K, committed 26496K, reserved 1073152K
  class space    used 3323K, capacity 3632K, committed 3712K, reserved 1048576K
}
Event: 60.482 GC heap before
{Heap before GC invocations=14 (full 1):
 PSYoungGen      total 195072K, used 191536K [0x00000000eab00000, 0x00000000f7180000, 0x0000000100000000)
  eden space 186880K, 100% used [0x00000000eab00000,0x00000000f6180000,0x00000000f6180000)
  from space 8192K, 56% used [0x00000000f6980000,0x00000000f6e0c340,0x00000000f7180000)
  to   space 8192K, 0% used [0x00000000f6180000,0x00000000f6180000,0x00000000f6980000)
 ParOldGen       total 37888K, used 16855K [0x00000000c0000000, 0x00000000c2500000, 0x00000000eab00000)
  object space 37888K, 44% used [0x00000000c0000000,0x00000000c1075e58,0x00000000c2500000)
 Metaspace       used 29257K, capacity 30232K, committed 30592K, reserved 1075200K
  class space    used 3794K, capacity 4157K, committed 4224K, reserved 1048576K
Event: 60.502 GC heap after
Heap after GC invocations=14 (full 1):
 PSYoungGen      total 195072K, used 4934K [0x00000000eab00000, 0x00000000fb200000, 0x0000000100000000)
  eden space 186880K, 0% used [0x00000000eab00000,0x00000000eab00000,0x00000000f6180000)
  from space 8192K, 60% used [0x00000000f6180000,0x00000000f6651b08,0x00000000f6980000)
  to   space 8192K, 0% used [0x00000000faa00000,0x00000000faa00000,0x00000000fb200000)
 ParOldGen       total 37888K, used 20467K [0x00000000c0000000, 0x00000000c2500000, 0x00000000eab00000)
  object space 37888K, 54% used [0x00000000c0000000,0x00000000c13fcf20,0x00000000c2500000)
 Metaspace       used 29257K, capacity 30232K, committed 30592K, reserved 1075200K
  class space    used 3794K, capacity 4157K, committed 4224K, reserved 1048576K
}
Event: 66.258 GC heap before
{Heap before GC invocations=15 (full 1):
 PSYoungGen      total 195072K, used 133743K [0x00000000eab00000, 0x00000000fb200000, 0x0000000100000000)
  eden space 186880K, 68% used [0x00000000eab00000,0x00000000f28ca130,0x00000000f6180000)
  from space 8192K, 60% used [0x00000000f6180000,0x00000000f6651b08,0x00000000f6980000)
  to   space 8192K, 0% used [0x00000000faa00000,0x00000000faa00000,0x00000000fb200000)
 ParOldGen       total 37888K, used 20467K [0x00000000c0000000, 0x00000000c2500000, 0x00000000eab00000)
  object space 37888K, 54% used [0x00000000c0000000,0x00000000c13fcf20,0x00000000c2500000)
 Metaspace       used 33885K, capacity 35320K, committed 35416K, reserved 1079296K
  class space    used 4439K, capacity 4967K, committed 4992K, reserved 1048576K
Event: 66.327 GC heap after
Heap after GC invocations=15 (full 1):
 PSYoungGen      total 259072K, used 8167K [0x00000000eab00000, 0x00000000fbb80000, 0x0000000100000000)
  eden space 250880K, 0% used [0x00000000eab00000,0x00000000eab00000,0x00000000fa000000)
  from space 8192K, 99% used [0x00000000faa00000,0x00000000fb1f9c80,0x00000000fb200000)
  to   space 10240K, 0% used [0x00000000fa000000,0x00000000fa000000,0x00000000faa00000)
 ParOldGen       total 37888K, used 23591K [0x00000000c0000000, 0x00000000c2500000, 0x00000000eab00000)
  object space 37888K, 62% used [0x00000000c0000000,0x00000000c1709d00,0x00000000c2500000)
 Metaspace       used 33885K, capacity 35320K, committed 35416K, reserved 1079296K
  class space    used 4439K, capacity 4967K, committed 4992K, reserved 1048576K
}
Event: 66.327 GC heap before
{Heap before GC invocations=16 (full 2):
 PSYoungGen      total 259072K, used 8167K [0x00000000eab00000, 0x00000000fbb80000, 0x0000000100000000)
  eden space 250880K, 0% used [0x00000000eab00000,0x00000000eab00000,0x00000000fa000000)
  from space 8192K, 99% used [0x00000000faa00000,0x00000000fb1f9c80,0x00000000fb200000)
  to   space 10240K, 0% used [0x00000000fa000000,0x00000000fa000000,0x00000000faa00000)
 ParOldGen       total 37888K, used 23591K [0x00000000c0000000, 0x00000000c2500000, 0x00000000eab00000)
  object space 37888K, 62% used [0x00000000c0000000,0x00000000c1709d00,0x00000000c2500000)
 Metaspace       used 33885K, capacity 35320K, committed 35416K, reserved 1079296K
  class space    used 4439K, capacity 4967K, committed 4992K, reserved 1048576K

