# JRE version: Java(TM) SE Runtime Environment (8.0_45-b15) (build 1.8.0_45-b15)
# Java VM: Java HotSpot(TM) 64-Bit Server VM (25.45-b02 mixed mode windows-amd64 compressed oops)
Heap:
 PSYoungGen      total 167936K, used 19305K [0x00000000eab00000, 0x00000000f9480000, 0x0000000100000000)
  eden space 161280K, 11% used [0x00000000eab00000,0x00000000ebdda7b0,0x00000000f4880000)
  from space 6656K, 0% used [0x00000000f8e00000,0x00000000f8e00000,0x00000000f9480000)
  to   space 8704K, 0% used [0x00000000f8380000,0x00000000f8380000,0x00000000f8c00000)
 ParOldGen       total 52224K, used 23123K [0x00000000c0000000, 0x00000000c3300000, 0x00000000eab00000)
  object space 52224K, 44% used [0x00000000c0000000,0x00000000c1694cc8,0x00000000c3300000)
 Metaspace       used 34675K, capacity 35666K, committed 36008K, reserved 1081344K
  class space    used 4594K, capacity 4958K, committed 5032K, reserved 1048576K
GC Heap History (10 events):
Event: 79.498 GC heap before
{Heap before GC invocations=20 (full 1):
 PSYoungGen      total 131584K, used 124864K [0x00000000eab00000, 0x00000000f3300000, 0x0000000100000000)
  eden space 124416K, 100% used [0x00000000eab00000,0x00000000f2480000,0x00000000f2480000)
  from space 7168K, 6% used [0x00000000f2b80000,0x00000000f2bf0000,0x00000000f3280000)
  to   space 7168K, 0% used [0x00000000f2480000,0x00000000f2480000,0x00000000f2b80000)
 ParOldGen       total 29696K, used 12674K [0x00000000c0000000, 0x00000000c1d00000, 0x00000000eab00000)
  object space 29696K, 42% used [0x00000000c0000000,0x00000000c0c609a0,0x00000000c1d00000)
 Metaspace       used 25937K, capacity 26764K, committed 27136K, reserved 1073152K
  class space    used 3438K, capacity 3723K, committed 3840K, reserved 1048576K
Event: 79.516 GC heap after
Heap after GC invocations=20 (full 1):
 PSYoungGen      total 131584K, used 5137K [0x00000000eab00000, 0x00000000f5f00000, 0x0000000100000000)
  eden space 124416K, 0% used [0x00000000eab00000,0x00000000eab00000,0x00000000f2480000)
  from space 7168K, 71% used [0x00000000f2480000,0x00000000f2984588,0x00000000f2b80000)
  to   space 7680K, 0% used [0x00000000f5780000,0x00000000f5780000,0x00000000f5f00000)
 ParOldGen       total 29696K, used 13130K [0x00000000c0000000, 0x00000000c1d00000, 0x00000000eab00000)
  object space 29696K, 44% used [0x00000000c0000000,0x00000000c0cd29a0,0x00000000c1d00000)
 Metaspace       used 25937K, capacity 26764K, committed 27136K, reserved 1073152K
  class space    used 3438K, capacity 3723K, committed 3840K, reserved 1048576K
}
Event: 82.239 GC heap before
{Heap before GC invocations=21 (full 1):
 PSYoungGen      total 131584K, used 129553K [0x00000000eab00000, 0x00000000f5f00000, 0x0000000100000000)
  eden space 124416K, 100% used [0x00000000eab00000,0x00000000f2480000,0x00000000f2480000)
  from space 7168K, 71% used [0x00000000f2480000,0x00000000f2984588,0x00000000f2b80000)
  to   space 7680K, 0% used [0x00000000f5780000,0x00000000f5780000,0x00000000f5f00000)
 ParOldGen       total 29696K, used 13130K [0x00000000c0000000, 0x00000000c1d00000, 0x00000000eab00000)
  object space 29696K, 44% used [0x00000000c0000000,0x00000000c0cd29a0,0x00000000c1d00000)
 Metaspace       used 26474K, capacity 27394K, committed 27520K, reserved 1073152K
  class space    used 3512K, capacity 3860K, committed 3968K, reserved 1048576K
Event: 82.251 GC heap after
Heap after GC invocations=21 (full 1):
 PSYoungGen      total 175616K, used 1427K [0x00000000eab00000, 0x00000000f5e80000, 0x0000000100000000)
  eden space 168448K, 0% used [0x00000000eab00000,0x00000000eab00000,0x00000000f4f80000)
  from space 7168K, 19% used [0x00000000f5780000,0x00000000f58e4e98,0x00000000f5e80000)
  to   space 7680K, 0% used [0x00000000f4f80000,0x00000000f4f80000,0x00000000f5700000)
 ParOldGen       total 29696K, used 16402K [0x00000000c0000000, 0x00000000c1d00000, 0x00000000eab00000)
  object space 29696K, 55% used [0x00000000c0000000,0x00000000c1004978,0x00000000c1d00000)
 Metaspace       used 26474K, capacity 27394K, committed 27520K, reserved 1073152K
  class space    used 3512K, capacity 3860K, committed 3968K, reserved 1048576K
}
Event: 99.309 GC heap before
{Heap before GC invocations=22 (full 1):
 PSYoungGen      total 175616K, used 169875K [0x00000000eab00000, 0x00000000f5e80000, 0x0000000100000000)
  eden space 168448K, 100% used [0x00000000eab00000,0x00000000f4f80000,0x00000000f4f80000)
  from space 7168K, 19% used [0x00000000f5780000,0x00000000f58e4e98,0x00000000f5e80000)
  to   space 7680K, 0% used [0x00000000f4f80000,0x00000000f4f80000,0x00000000f5700000)
 ParOldGen       total 29696K, used 16402K [0x00000000c0000000, 0x00000000c1d00000, 0x00000000eab00000)
  object space 29696K, 55% used [0x00000000c0000000,0x00000000c1004978,0x00000000c1d00000)
 Metaspace       used 29940K, capacity 31044K, committed 31232K, reserved 1077248K
  class space    used 3923K, capacity 4317K, committed 4352K, reserved 1048576K
Event: 99.319 GC heap after
Heap after GC invocations=22 (full 1):
 PSYoungGen      total 176128K, used 4455K [0x00000000eab00000, 0x00000000f9580000, 0x0000000100000000)
  eden space 168448K, 0% used [0x00000000eab00000,0x00000000eab00000,0x00000000f4f80000)
  from space 7680K, 58% used [0x00000000f4f80000,0x00000000f53d9cf0,0x00000000f5700000)
  to   space 7680K, 0% used [0x00000000f8e00000,0x00000000f8e00000,0x00000000f9580000)
 ParOldGen       total 29696K, used 17439K [0x00000000c0000000, 0x00000000c1d00000, 0x00000000eab00000)
  object space 29696K, 58% used [0x00000000c0000000,0x00000000c1107d98,0x00000000c1d00000)
 Metaspace       used 29940K, capacity 31044K, committed 31232K, reserved 1077248K
  class space    used 3923K, capacity 4317K, committed 4352K, reserved 1048576K
}
Event: 104.150 GC heap before
{Heap before GC invocations=23 (full 1):
 PSYoungGen      total 176128K, used 64954K [0x00000000eab00000, 0x00000000f9580000, 0x0000000100000000)
  eden space 168448K, 35% used [0x00000000eab00000,0x00000000ee614c08,0x00000000f4f80000)
  from space 7680K, 58% used [0x00000000f4f80000,0x00000000f53d9cf0,0x00000000f5700000)
  to   space 7680K, 0% used [0x00000000f8e00000,0x00000000f8e00000,0x00000000f9580000)
 ParOldGen       total 29696K, used 17439K [0x00000000c0000000, 0x00000000c1d00000, 0x00000000eab00000)
  object space 29696K, 58% used [0x00000000c0000000,0x00000000c1107d98,0x00000000c1d00000)
 Metaspace       used 34158K, capacity 35464K, committed 35496K, reserved 1079296K
  class space    used 4517K, capacity 5021K, committed 5032K, reserved 1048576K
Event: 104.167 GC heap after
Heap after GC invocations=23 (full 1):
 PSYoungGen      total 167936K, used 6576K [0x00000000eab00000, 0x00000000f9480000, 0x0000000100000000)
  eden space 161280K, 0% used [0x00000000eab00000,0x00000000eab00000,0x00000000f4880000)
  from space 6656K, 98% used [0x00000000f8e00000,0x00000000f946c100,0x00000000f9480000)
  to   space 8704K, 0% used [0x00000000f8380000,0x00000000f8380000,0x00000000f8c00000)
 ParOldGen       total 29696K, used 19363K [0x00000000c0000000, 0x00000000c1d00000, 0x00000000eab00000)
  object space 29696K, 65% used [0x00000000c0000000,0x00000000c12e8e48,0x00000000c1d00000)
 Metaspace       used 34158K, capacity 35464K, committed 35496K, reserved 1079296K
  class space    used 4517K, capacity 5021K, committed 5032K, reserved 1048576K
}
Event: 104.167 GC heap before
{Heap before GC invocations=24 (full 2):
 PSYoungGen      total 167936K, used 6576K [0x00000000eab00000, 0x00000000f9480000, 0x0000000100000000)
  eden space 161280K, 0% used [0x00000000eab00000,0x00000000eab00000,0x00000000f4880000)
  from space 6656K, 98% used [0x00000000f8e00000,0x00000000f946c100,0x00000000f9480000)
  to   space 8704K, 0% used [0x00000000f8380000,0x00000000f8380000,0x00000000f8c00000)
 ParOldGen       total 29696K, used 19363K [0x00000000c0000000, 0x00000000c1d00000, 0x00000000eab00000)
  object space 29696K, 65% used [0x00000000c0000000,0x00000000c12e8e48,0x00000000c1d00000)
 Metaspace       used 34158K, capacity 35464K, committed 35496K, reserved 1079296K
  class space    used 4517K, capacity 5021K, committed 5032K, reserved 1048576K
Event: 104.504 GC heap after
Heap after GC invocations=24 (full 2):
 PSYoungGen      total 167936K, used 0K [0x00000000eab00000, 0x00000000f9480000, 0x0000000100000000)
  eden space 161280K, 0% used [0x00000000eab00000,0x00000000eab00000,0x00000000f4880000)
  from space 6656K, 0% used [0x00000000f8e00000,0x00000000f8e00000,0x00000000f9480000)
  to   space 8704K, 0% used [0x00000000f8380000,0x00000000f8380000,0x00000000f8c00000)
 ParOldGen       total 52224K, used 23123K [0x00000000c0000000, 0x00000000c3300000, 0x00000000eab00000)
  object space 52224K, 44% used [0x00000000c0000000,0x00000000c1694cc8,0x00000000c3300000)
 Metaspace       used 34015K, capacity 34962K, committed 35496K, reserved 1079296K
  class space    used 4485K, capacity 4851K, committed 5032K, reserved 1048576K
}

